{"level":"info","message":"⌛ Validating Wollok/Parciales/amongus.wlk","timeElapsed":162,"timestamp":"2024-11-13T13:12:17.725Z"}
{"level":"info","message":"⌛ Validating Wollok/Parciales/amongus.wlk","timeElapsed":162,"timestamp":"2024-11-13T13:12:17.895Z"}
{"level":"info","message":"⌛ Building environment","timeElapsed":174,"timestamp":"2024-11-13T13:12:22.416Z"}
{"level":"info","message":"⌛ Validating Wollok/Parciales/amongus.wlk","timeElapsed":157,"timestamp":"2024-11-13T13:12:22.574Z"}
{"level":"info","message":"⌛ Building environment","timeElapsed":129,"timestamp":"2024-11-13T13:12:22.726Z"}
{"level":"info","message":"⌛ Validating Wollok/Parciales/amongus.wlk","timeElapsed":153,"timestamp":"2024-11-13T13:12:22.885Z"}
{"level":"info","message":"⌛ Building environment","timeElapsed":125,"timestamp":"2024-11-13T13:12:23.830Z"}
{"level":"info","message":"⌛ Validating Wollok/Parciales/amongus.wlk","timeElapsed":168,"timestamp":"2024-11-13T13:12:24.032Z"}
{"level":"info","message":"⌛ Building environment","timeElapsed":181,"timestamp":"2024-11-13T13:12:27.246Z"}
{"level":"info","message":"⌛ Validating Wollok/Parciales/amongus.wlk","timeElapsed":161,"timestamp":"2024-11-13T13:12:27.408Z"}
{"level":"info","message":"⌛ Building environment","timeElapsed":144,"timestamp":"2024-11-13T13:12:28.120Z"}
{"level":"error","message":"✘ Completions for node failed: Error: [Return]{550a5d} at Wollok/Parciales/amongus.wlk:-- exhausted all cases without a match [Return]{550a5d} at Wollok/Parciales/amongus.wlk:-- exhausted all cases without a match","stack":"Error: [Return]{550a5d} at Wollok/Parciales/amongus.wlk:-- exhausted all cases without a match\n    at c:\\Users\\alesc\\.vscode\\extensions\\uqbar.wollok-lsp-ide-0.3.6\\out\\server\\src\\server.js:38:6067\n    at yh (c:\\Users\\alesc\\.vscode\\extensions\\uqbar.wollok-lsp-ide-0.3.6\\out\\server\\src\\server.js:2291:42)\n    at kh (c:\\Users\\alesc\\.vscode\\extensions\\uqbar.wollok-lsp-ide-0.3.6\\out\\server\\src\\server.js:2291:1004)\n    at Y5n (c:\\Users\\alesc\\.vscode\\extensions\\uqbar.wollok-lsp-ide-0.3.6\\out\\server\\src\\server.js:2291:1160)\n    at c:\\Users\\alesc\\.vscode\\extensions\\uqbar.wollok-lsp-ide-0.3.6\\out\\server\\src\\server.js:38:6056\n    at yh (c:\\Users\\alesc\\.vscode\\extensions\\uqbar.wollok-lsp-ide-0.3.6\\out\\server\\src\\server.js:2291:42)\n    at c:\\Users\\alesc\\.vscode\\extensions\\uqbar.wollok-lsp-ide-0.3.6\\out\\server\\src\\server.js:2291:2700\n    at c:\\Users\\alesc\\.vscode\\extensions\\uqbar.wollok-lsp-ide-0.3.6\\out\\server\\src\\server.js:2298:3774\n    at c:\\Users\\alesc\\.vscode\\extensions\\uqbar.wollok-lsp-ide-0.3.6\\out\\server\\src\\server.js:37:74872\n    at Fe (c:\\Users\\alesc\\.vscode\\extensions\\uqbar.wollok-lsp-ide-0.3.6\\out\\server\\src\\server.js:7:8527)","timestamp":"2024-11-13T13:12:28.151Z"}
{"level":"info","message":"⌛ Building environment","timeElapsed":125,"timestamp":"2024-11-13T13:12:28.279Z"}
{"level":"info","message":"⌛ Validating Wollok/Parciales/amongus.wlk","timeElapsed":151,"timestamp":"2024-11-13T13:12:28.431Z"}
{"level":"info","message":"onRequest - completionItem/resolve","timestamp":"2024-11-13T13:12:28.431Z"}
{"level":"info","message":"⌛ Building environment","timeElapsed":131,"timestamp":"2024-11-13T13:12:28.563Z"}
{"level":"info","message":"onRequest - completionItem/resolve","timestamp":"2024-11-13T13:12:28.563Z"}
{"level":"info","message":"⌛ Validating Wollok/Parciales/amongus.wlk","timeElapsed":150,"timestamp":"2024-11-13T13:12:28.713Z"}
{"level":"info","message":"⌛ Validating Wollok/Parciales/amongus.wlk","timeElapsed":150,"timestamp":"2024-11-13T13:12:28.869Z"}
{"level":"info","message":"⌛ Building environment","timeElapsed":144,"timestamp":"2024-11-13T13:12:29.014Z"}
{"level":"info","message":"⌛ Validating Wollok/Parciales/amongus.wlk","timeElapsed":169,"timestamp":"2024-11-13T13:12:29.189Z"}
{"level":"info","message":"⌛ Building environment","timeElapsed":124,"timestamp":"2024-11-13T13:12:29.314Z"}
{"level":"error","message":"✘ Completions for node failed: Error: [Send]{41e03c} at Wollok/Parciales/amongus.wlk:166 exhausted all cases without a match [Send]{41e03c} at Wollok/Parciales/amongus.wlk:166 exhausted all cases without a match","stack":"Error: [Send]{41e03c} at Wollok/Parciales/amongus.wlk:166 exhausted all cases without a match\n    at c:\\Users\\alesc\\.vscode\\extensions\\uqbar.wollok-lsp-ide-0.3.6\\out\\server\\src\\server.js:38:6067\n    at yh (c:\\Users\\alesc\\.vscode\\extensions\\uqbar.wollok-lsp-ide-0.3.6\\out\\server\\src\\server.js:2291:42)\n    at kh (c:\\Users\\alesc\\.vscode\\extensions\\uqbar.wollok-lsp-ide-0.3.6\\out\\server\\src\\server.js:2291:1004)\n    at Y5n (c:\\Users\\alesc\\.vscode\\extensions\\uqbar.wollok-lsp-ide-0.3.6\\out\\server\\src\\server.js:2291:1160)\n    at c:\\Users\\alesc\\.vscode\\extensions\\uqbar.wollok-lsp-ide-0.3.6\\out\\server\\src\\server.js:38:6056\n    at yh (c:\\Users\\alesc\\.vscode\\extensions\\uqbar.wollok-lsp-ide-0.3.6\\out\\server\\src\\server.js:2291:42)\n    at c:\\Users\\alesc\\.vscode\\extensions\\uqbar.wollok-lsp-ide-0.3.6\\out\\server\\src\\server.js:2291:2700\n    at c:\\Users\\alesc\\.vscode\\extensions\\uqbar.wollok-lsp-ide-0.3.6\\out\\server\\src\\server.js:2298:3774\n    at c:\\Users\\alesc\\.vscode\\extensions\\uqbar.wollok-lsp-ide-0.3.6\\out\\server\\src\\server.js:37:74872\n    at Fe (c:\\Users\\alesc\\.vscode\\extensions\\uqbar.wollok-lsp-ide-0.3.6\\out\\server\\src\\server.js:7:8527)","timestamp":"2024-11-13T13:12:29.345Z"}
{"level":"error","message":"✘ Completions for node failed: Error: [Return]{b6639a} at Wollok/Parciales/amongus.wlk:-- exhausted all cases without a match [Return]{b6639a} at Wollok/Parciales/amongus.wlk:-- exhausted all cases without a match","stack":"Error: [Return]{b6639a} at Wollok/Parciales/amongus.wlk:-- exhausted all cases without a match\n    at c:\\Users\\alesc\\.vscode\\extensions\\uqbar.wollok-lsp-ide-0.3.6\\out\\server\\src\\server.js:38:6067\n    at yh (c:\\Users\\alesc\\.vscode\\extensions\\uqbar.wollok-lsp-ide-0.3.6\\out\\server\\src\\server.js:2291:42)\n    at kh (c:\\Users\\alesc\\.vscode\\extensions\\uqbar.wollok-lsp-ide-0.3.6\\out\\server\\src\\server.js:2291:1004)\n    at yh (c:\\Users\\alesc\\.vscode\\extensions\\uqbar.wollok-lsp-ide-0.3.6\\out\\server\\src\\server.js:2291:456)\n    at kh (c:\\Users\\alesc\\.vscode\\extensions\\uqbar.wollok-lsp-ide-0.3.6\\out\\server\\src\\server.js:2291:1004)\n    at Y5n (c:\\Users\\alesc\\.vscode\\extensions\\uqbar.wollok-lsp-ide-0.3.6\\out\\server\\src\\server.js:2291:1160)\n    at c:\\Users\\alesc\\.vscode\\extensions\\uqbar.wollok-lsp-ide-0.3.6\\out\\server\\src\\server.js:38:6056\n    at yh (c:\\Users\\alesc\\.vscode\\extensions\\uqbar.wollok-lsp-ide-0.3.6\\out\\server\\src\\server.js:2291:42)\n    at c:\\Users\\alesc\\.vscode\\extensions\\uqbar.wollok-lsp-ide-0.3.6\\out\\server\\src\\server.js:2291:2700\n    at c:\\Users\\alesc\\.vscode\\extensions\\uqbar.wollok-lsp-ide-0.3.6\\out\\server\\src\\server.js:2298:3774","timestamp":"2024-11-13T13:12:29.345Z"}
{"level":"info","message":"⌛ Validating Wollok/Parciales/amongus.wlk","timeElapsed":183,"timestamp":"2024-11-13T13:12:29.531Z"}
{"level":"info","message":"onRequest - completionItem/resolve","timestamp":"2024-11-13T13:12:29.532Z"}
{"level":"info","message":"⌛ Building environment","timeElapsed":135,"timestamp":"2024-11-13T13:12:29.667Z"}
{"level":"info","message":"onRequest - completionItem/resolve","timestamp":"2024-11-13T13:12:29.667Z"}
{"level":"info","message":"⌛ Building environment","timeElapsed":135,"timestamp":"2024-11-13T13:12:29.809Z"}
{"level":"info","message":"onRequest - completionItem/resolve","timestamp":"2024-11-13T13:12:29.809Z"}
{"level":"info","message":"⌛ Validating Wollok/Parciales/amongus.wlk","timeElapsed":151,"timestamp":"2024-11-13T13:12:29.960Z"}
{"level":"info","message":"⌛ Validating Wollok/Parciales/amongus.wlk","timeElapsed":180,"timestamp":"2024-11-13T13:12:30.146Z"}
{"level":"info","message":"⌛ Building environment","timeElapsed":171,"timestamp":"2024-11-13T13:12:30.319Z"}
{"level":"info","message":"onRequest - completionItem/resolve","timestamp":"2024-11-13T13:12:30.319Z"}
{"level":"info","message":"⌛ Building environment","timeElapsed":129,"timestamp":"2024-11-13T13:12:30.448Z"}
{"level":"info","message":"onRequest - completionItem/resolve","timestamp":"2024-11-13T13:12:30.448Z"}
{"level":"info","message":"⌛ Building environment","timeElapsed":139,"timestamp":"2024-11-13T13:12:30.587Z"}
{"level":"info","message":"onRequest - completionItem/resolve","timestamp":"2024-11-13T13:12:30.587Z"}
{"level":"info","message":"⌛ Validating Wollok/Parciales/amongus.wlk","timeElapsed":148,"timestamp":"2024-11-13T13:12:30.735Z"}
{"level":"info","message":"⌛ Validating Wollok/Parciales/amongus.wlk","timeElapsed":161,"timestamp":"2024-11-13T13:12:30.896Z"}
{"level":"info","message":"⌛ Building environment","timeElapsed":175,"timestamp":"2024-11-13T13:12:31.072Z"}
{"level":"info","message":"onRequest - completionItem/resolve","timestamp":"2024-11-13T13:12:31.072Z"}
{"level":"info","message":"⌛ Building environment","timeElapsed":140,"timestamp":"2024-11-13T13:12:31.212Z"}
{"level":"info","message":"onRequest - completionItem/resolve","timestamp":"2024-11-13T13:12:31.213Z"}
{"level":"info","message":"⌛ Validating Wollok/Parciales/amongus.wlk","timeElapsed":180,"timestamp":"2024-11-13T13:12:31.393Z"}
{"level":"info","message":"⌛ Building environment","timeElapsed":151,"timestamp":"2024-11-13T13:12:31.550Z"}
{"level":"info","message":"onRequest - completionItem/resolve","timestamp":"2024-11-13T13:12:31.551Z"}
{"level":"info","message":"⌛ Building environment","timeElapsed":126,"timestamp":"2024-11-13T13:12:31.682Z"}
{"level":"info","message":"onRequest - completionItem/resolve","timestamp":"2024-11-13T13:12:31.683Z"}
{"level":"info","message":"⌛ Validating Wollok/Parciales/amongus.wlk","timeElapsed":155,"timestamp":"2024-11-13T13:12:31.838Z"}
{"level":"info","message":"⌛ Building environment","timeElapsed":123,"timestamp":"2024-11-13T13:12:31.961Z"}
{"level":"info","message":"onRequest - completionItem/resolve","timestamp":"2024-11-13T13:12:31.961Z"}
{"level":"info","message":"⌛ Validating Wollok/Parciales/amongus.wlk","timeElapsed":149,"timestamp":"2024-11-13T13:12:32.110Z"}
{"level":"info","message":"⌛ Building environment","timeElapsed":157,"timestamp":"2024-11-13T13:12:32.267Z"}
{"level":"info","message":"⌛ Validating Wollok/Parciales/amongus.wlk","timeElapsed":155,"timestamp":"2024-11-13T13:12:32.455Z"}
{"level":"info","message":"⌛ Validating Wollok/Parciales/amongus.wlk","timeElapsed":162,"timestamp":"2024-11-13T13:12:32.618Z"}
{"level":"info","message":"⌛ Validating Wollok/Parciales/amongus.wlk","timeElapsed":161,"timestamp":"2024-11-13T13:12:32.779Z"}
{"level":"info","message":"⌛ Building environment","timeElapsed":130,"timestamp":"2024-11-13T13:12:32.909Z"}
{"level":"info","message":"⌛ Validating Wollok/Parciales/amongus.wlk","timeElapsed":146,"timestamp":"2024-11-13T13:12:33.055Z"}
{"level":"info","message":"onRequest - completionItem/resolve","timestamp":"2024-11-13T13:12:33.055Z"}
{"level":"info","message":"⌛ Building environment","timeElapsed":123,"timestamp":"2024-11-13T13:12:33.179Z"}
{"level":"info","message":"onRequest - completionItem/resolve","timestamp":"2024-11-13T13:12:33.179Z"}
{"level":"info","message":"⌛ Building environment","timeElapsed":129,"timestamp":"2024-11-13T13:12:33.308Z"}
{"level":"info","message":"onRequest - completionItem/resolve","timestamp":"2024-11-13T13:12:33.309Z"}
{"level":"info","message":"⌛ Building environment","timeElapsed":131,"timestamp":"2024-11-13T13:12:33.440Z"}
{"level":"info","message":"onRequest - completionItem/resolve","timestamp":"2024-11-13T13:12:33.440Z"}
{"level":"info","message":"⌛ Building environment","timeElapsed":132,"timestamp":"2024-11-13T13:12:33.572Z"}
{"level":"info","message":"onRequest - completionItem/resolve","timestamp":"2024-11-13T13:12:33.573Z"}
{"level":"info","message":"⌛ Validating Wollok/Parciales/amongus.wlk","timeElapsed":161,"timestamp":"2024-11-13T13:12:33.733Z"}
{"level":"info","message":"⌛ Building environment","timeElapsed":123,"timestamp":"2024-11-13T13:12:33.862Z"}
{"level":"info","message":"onRequest - completionItem/resolve","timestamp":"2024-11-13T13:12:33.863Z"}
{"level":"info","message":"⌛ Validating Wollok/Parciales/amongus.wlk","timeElapsed":152,"timestamp":"2024-11-13T13:12:34.015Z"}
{"level":"info","message":"⌛ Building environment","timeElapsed":201,"timestamp":"2024-11-13T13:12:34.216Z"}
{"level":"info","message":"onRequest - completionItem/resolve","timestamp":"2024-11-13T13:12:34.216Z"}
{"level":"info","message":"⌛ Validating Wollok/Parciales/amongus.wlk","timeElapsed":152,"timestamp":"2024-11-13T13:12:34.368Z"}
{"level":"info","message":"⌛ Validating Wollok/Parciales/amongus.wlk","timeElapsed":152,"timestamp":"2024-11-13T13:12:34.521Z"}
{"level":"info","message":"⌛ Validating Wollok/Parciales/amongus.wlk","timeElapsed":149,"timestamp":"2024-11-13T13:12:34.670Z"}
{"level":"info","message":"⌛ Building environment","timeElapsed":127,"timestamp":"2024-11-13T13:12:34.797Z"}
{"level":"info","message":"onRequest - completionItem/resolve","timestamp":"2024-11-13T13:12:34.798Z"}
{"level":"info","message":"⌛ Building environment","timeElapsed":132,"timestamp":"2024-11-13T13:12:34.935Z"}
{"level":"info","message":"onRequest - completionItem/resolve","timestamp":"2024-11-13T13:12:34.935Z"}
{"level":"info","message":"⌛ Building environment","timeElapsed":135,"timestamp":"2024-11-13T13:12:35.070Z"}
{"level":"info","message":"onRequest - completionItem/resolve","timestamp":"2024-11-13T13:12:35.070Z"}
{"level":"info","message":"⌛ Validating Wollok/Parciales/amongus.wlk","timeElapsed":160,"timestamp":"2024-11-13T13:12:35.230Z"}
{"level":"info","message":"⌛ Building environment","timeElapsed":142,"timestamp":"2024-11-13T13:12:35.372Z"}
{"level":"info","message":"onRequest - completionItem/resolve","timestamp":"2024-11-13T13:12:35.372Z"}
{"level":"info","message":"⌛ Validating Wollok/Parciales/amongus.wlk","timeElapsed":153,"timestamp":"2024-11-13T13:12:35.525Z"}
{"level":"info","message":"onRequest - completionItem/resolve","timestamp":"2024-11-13T13:12:35.531Z"}
{"level":"info","message":"⌛ Building environment","timeElapsed":131,"timestamp":"2024-11-13T13:12:35.662Z"}
{"level":"info","message":"⌛ Validating Wollok/Parciales/amongus.wlk","timeElapsed":152,"timestamp":"2024-11-13T13:12:35.821Z"}
{"level":"info","message":"⌛ Validating Wollok/Parciales/amongus.wlk","timeElapsed":151,"timestamp":"2024-11-13T13:12:35.973Z"}
{"level":"info","message":"⌛ Validating Wollok/Parciales/amongus.wlk","timeElapsed":153,"timestamp":"2024-11-13T13:12:36.126Z"}
{"level":"info","message":"⌛ Validating Wollok/Parciales/amongus.wlk","timeElapsed":162,"timestamp":"2024-11-13T13:12:36.327Z"}
{"level":"info","message":"⌛ Validating Wollok/Parciales/amongus.wlk","timeElapsed":153,"timestamp":"2024-11-13T13:12:36.480Z"}
{"level":"info","message":"⌛ Building environment","timeElapsed":174,"timestamp":"2024-11-13T13:12:36.654Z"}
{"level":"error","message":"✘ Completions for node failed: Error: [Send]{6c7848} at Wollok/Parciales/amongus.wlk:166 exhausted all cases without a match [Send]{6c7848} at Wollok/Parciales/amongus.wlk:166 exhausted all cases without a match","stack":"Error: [Send]{6c7848} at Wollok/Parciales/amongus.wlk:166 exhausted all cases without a match\n    at c:\\Users\\alesc\\.vscode\\extensions\\uqbar.wollok-lsp-ide-0.3.6\\out\\server\\src\\server.js:38:6067\n    at yh (c:\\Users\\alesc\\.vscode\\extensions\\uqbar.wollok-lsp-ide-0.3.6\\out\\server\\src\\server.js:2291:42)\n    at kh (c:\\Users\\alesc\\.vscode\\extensions\\uqbar.wollok-lsp-ide-0.3.6\\out\\server\\src\\server.js:2291:1004)\n    at Y5n (c:\\Users\\alesc\\.vscode\\extensions\\uqbar.wollok-lsp-ide-0.3.6\\out\\server\\src\\server.js:2291:1160)\n    at c:\\Users\\alesc\\.vscode\\extensions\\uqbar.wollok-lsp-ide-0.3.6\\out\\server\\src\\server.js:38:6056\n    at yh (c:\\Users\\alesc\\.vscode\\extensions\\uqbar.wollok-lsp-ide-0.3.6\\out\\server\\src\\server.js:2291:42)\n    at c:\\Users\\alesc\\.vscode\\extensions\\uqbar.wollok-lsp-ide-0.3.6\\out\\server\\src\\server.js:2291:2700\n    at c:\\Users\\alesc\\.vscode\\extensions\\uqbar.wollok-lsp-ide-0.3.6\\out\\server\\src\\server.js:2298:3774\n    at c:\\Users\\alesc\\.vscode\\extensions\\uqbar.wollok-lsp-ide-0.3.6\\out\\server\\src\\server.js:37:74872\n    at Fe (c:\\Users\\alesc\\.vscode\\extensions\\uqbar.wollok-lsp-ide-0.3.6\\out\\server\\src\\server.js:7:8527)","timestamp":"2024-11-13T13:12:36.696Z"}
{"level":"error","message":"✘ Completions for node failed: Error: [Send]{8a2316} at Wollok/Parciales/amongus.wlk:166 exhausted all cases without a match [Send]{8a2316} at Wollok/Parciales/amongus.wlk:166 exhausted all cases without a match","stack":"Error: [Send]{8a2316} at Wollok/Parciales/amongus.wlk:166 exhausted all cases without a match\n    at c:\\Users\\alesc\\.vscode\\extensions\\uqbar.wollok-lsp-ide-0.3.6\\out\\server\\src\\server.js:38:6067\n    at yh (c:\\Users\\alesc\\.vscode\\extensions\\uqbar.wollok-lsp-ide-0.3.6\\out\\server\\src\\server.js:2291:42)\n    at kh (c:\\Users\\alesc\\.vscode\\extensions\\uqbar.wollok-lsp-ide-0.3.6\\out\\server\\src\\server.js:2291:1004)\n    at yh (c:\\Users\\alesc\\.vscode\\extensions\\uqbar.wollok-lsp-ide-0.3.6\\out\\server\\src\\server.js:2291:456)\n    at kh (c:\\Users\\alesc\\.vscode\\extensions\\uqbar.wollok-lsp-ide-0.3.6\\out\\server\\src\\server.js:2291:1004)\n    at Y5n (c:\\Users\\alesc\\.vscode\\extensions\\uqbar.wollok-lsp-ide-0.3.6\\out\\server\\src\\server.js:2291:1160)\n    at c:\\Users\\alesc\\.vscode\\extensions\\uqbar.wollok-lsp-ide-0.3.6\\out\\server\\src\\server.js:38:6056\n    at yh (c:\\Users\\alesc\\.vscode\\extensions\\uqbar.wollok-lsp-ide-0.3.6\\out\\server\\src\\server.js:2291:42)\n    at c:\\Users\\alesc\\.vscode\\extensions\\uqbar.wollok-lsp-ide-0.3.6\\out\\server\\src\\server.js:2291:2700\n    at c:\\Users\\alesc\\.vscode\\extensions\\uqbar.wollok-lsp-ide-0.3.6\\out\\server\\src\\server.js:2298:3774","timestamp":"2024-11-13T13:12:36.697Z"}
{"level":"error","message":"✘ Completions for node failed: Error: [Return]{986bca} at Wollok/Parciales/amongus.wlk:-- exhausted all cases without a match [Return]{986bca} at Wollok/Parciales/amongus.wlk:-- exhausted all cases without a match","stack":"Error: [Return]{986bca} at Wollok/Parciales/amongus.wlk:-- exhausted all cases without a match\n    at c:\\Users\\alesc\\.vscode\\extensions\\uqbar.wollok-lsp-ide-0.3.6\\out\\server\\src\\server.js:38:6067\n    at yh (c:\\Users\\alesc\\.vscode\\extensions\\uqbar.wollok-lsp-ide-0.3.6\\out\\server\\src\\server.js:2291:42)\n    at kh (c:\\Users\\alesc\\.vscode\\extensions\\uqbar.wollok-lsp-ide-0.3.6\\out\\server\\src\\server.js:2291:1004)\n    at yh (c:\\Users\\alesc\\.vscode\\extensions\\uqbar.wollok-lsp-ide-0.3.6\\out\\server\\src\\server.js:2291:456)\n    at kh (c:\\Users\\alesc\\.vscode\\extensions\\uqbar.wollok-lsp-ide-0.3.6\\out\\server\\src\\server.js:2291:1004)\n    at yh (c:\\Users\\alesc\\.vscode\\extensions\\uqbar.wollok-lsp-ide-0.3.6\\out\\server\\src\\server.js:2291:456)\n    at kh (c:\\Users\\alesc\\.vscode\\extensions\\uqbar.wollok-lsp-ide-0.3.6\\out\\server\\src\\server.js:2291:1004)\n    at Y5n (c:\\Users\\alesc\\.vscode\\extensions\\uqbar.wollok-lsp-ide-0.3.6\\out\\server\\src\\server.js:2291:1160)\n    at c:\\Users\\alesc\\.vscode\\extensions\\uqbar.wollok-lsp-ide-0.3.6\\out\\server\\src\\server.js:38:6056\n    at yh (c:\\Users\\alesc\\.vscode\\extensions\\uqbar.wollok-lsp-ide-0.3.6\\out\\server\\src\\server.js:2291:42)","timestamp":"2024-11-13T13:12:36.697Z"}
{"level":"info","message":"⌛ Building environment","timeElapsed":140,"timestamp":"2024-11-13T13:12:36.842Z"}
{"level":"info","message":"⌛ Building environment","timeElapsed":141,"timestamp":"2024-11-13T13:12:36.983Z"}
{"level":"info","message":"⌛ Building environment","timeElapsed":123,"timestamp":"2024-11-13T13:12:37.106Z"}
{"level":"info","message":"⌛ Validating Wollok/Parciales/amongus.wlk","timeElapsed":163,"timestamp":"2024-11-13T13:12:37.274Z"}
{"level":"info","message":"onRequest - completionItem/resolve","timestamp":"2024-11-13T13:12:37.275Z"}
{"level":"info","message":"⌛ Validating Wollok/Parciales/amongus.wlk","timeElapsed":166,"timestamp":"2024-11-13T13:12:37.441Z"}
{"level":"info","message":"⌛ Validating Wollok/Parciales/amongus.wlk","timeElapsed":155,"timestamp":"2024-11-13T13:12:37.596Z"}
{"level":"info","message":"⌛ Validating Wollok/Parciales/amongus.wlk","timeElapsed":159,"timestamp":"2024-11-13T13:12:37.755Z"}
{"level":"info","message":"⌛ Building environment","timeElapsed":163,"timestamp":"2024-11-13T13:13:19.722Z"}
{"level":"error","message":"✘ Completions for node failed: Error: [Send]{89d160} at Wollok/Parciales/amongus.wlk:166 exhausted all cases without a match [Send]{89d160} at Wollok/Parciales/amongus.wlk:166 exhausted all cases without a match","stack":"Error: [Send]{89d160} at Wollok/Parciales/amongus.wlk:166 exhausted all cases without a match\n    at c:\\Users\\alesc\\.vscode\\extensions\\uqbar.wollok-lsp-ide-0.3.6\\out\\server\\src\\server.js:38:6067\n    at yh (c:\\Users\\alesc\\.vscode\\extensions\\uqbar.wollok-lsp-ide-0.3.6\\out\\server\\src\\server.js:2291:42)\n    at kh (c:\\Users\\alesc\\.vscode\\extensions\\uqbar.wollok-lsp-ide-0.3.6\\out\\server\\src\\server.js:2291:1004)\n    at Y5n (c:\\Users\\alesc\\.vscode\\extensions\\uqbar.wollok-lsp-ide-0.3.6\\out\\server\\src\\server.js:2291:1160)\n    at c:\\Users\\alesc\\.vscode\\extensions\\uqbar.wollok-lsp-ide-0.3.6\\out\\server\\src\\server.js:38:6056\n    at yh (c:\\Users\\alesc\\.vscode\\extensions\\uqbar.wollok-lsp-ide-0.3.6\\out\\server\\src\\server.js:2291:42)\n    at c:\\Users\\alesc\\.vscode\\extensions\\uqbar.wollok-lsp-ide-0.3.6\\out\\server\\src\\server.js:2291:2700\n    at c:\\Users\\alesc\\.vscode\\extensions\\uqbar.wollok-lsp-ide-0.3.6\\out\\server\\src\\server.js:2298:3774\n    at c:\\Users\\alesc\\.vscode\\extensions\\uqbar.wollok-lsp-ide-0.3.6\\out\\server\\src\\server.js:37:74872\n    at Fe (c:\\Users\\alesc\\.vscode\\extensions\\uqbar.wollok-lsp-ide-0.3.6\\out\\server\\src\\server.js:7:8527)","timestamp":"2024-11-13T13:13:19.803Z"}
{"level":"error","message":"✘ Completions for node failed: Error: [Send]{7587b2} at Wollok/Parciales/amongus.wlk:166 exhausted all cases without a match [Send]{7587b2} at Wollok/Parciales/amongus.wlk:166 exhausted all cases without a match","stack":"Error: [Send]{7587b2} at Wollok/Parciales/amongus.wlk:166 exhausted all cases without a match\n    at c:\\Users\\alesc\\.vscode\\extensions\\uqbar.wollok-lsp-ide-0.3.6\\out\\server\\src\\server.js:38:6067\n    at yh (c:\\Users\\alesc\\.vscode\\extensions\\uqbar.wollok-lsp-ide-0.3.6\\out\\server\\src\\server.js:2291:42)\n    at kh (c:\\Users\\alesc\\.vscode\\extensions\\uqbar.wollok-lsp-ide-0.3.6\\out\\server\\src\\server.js:2291:1004)\n    at yh (c:\\Users\\alesc\\.vscode\\extensions\\uqbar.wollok-lsp-ide-0.3.6\\out\\server\\src\\server.js:2291:456)\n    at kh (c:\\Users\\alesc\\.vscode\\extensions\\uqbar.wollok-lsp-ide-0.3.6\\out\\server\\src\\server.js:2291:1004)\n    at Y5n (c:\\Users\\alesc\\.vscode\\extensions\\uqbar.wollok-lsp-ide-0.3.6\\out\\server\\src\\server.js:2291:1160)\n    at c:\\Users\\alesc\\.vscode\\extensions\\uqbar.wollok-lsp-ide-0.3.6\\out\\server\\src\\server.js:38:6056\n    at yh (c:\\Users\\alesc\\.vscode\\extensions\\uqbar.wollok-lsp-ide-0.3.6\\out\\server\\src\\server.js:2291:42)\n    at c:\\Users\\alesc\\.vscode\\extensions\\uqbar.wollok-lsp-ide-0.3.6\\out\\server\\src\\server.js:2291:2700\n    at c:\\Users\\alesc\\.vscode\\extensions\\uqbar.wollok-lsp-ide-0.3.6\\out\\server\\src\\server.js:2298:3774","timestamp":"2024-11-13T13:13:19.803Z"}
{"level":"error","message":"✘ Completions for node failed: Error: [Return]{4aa12c} at Wollok/Parciales/amongus.wlk:-- exhausted all cases without a match [Return]{4aa12c} at Wollok/Parciales/amongus.wlk:-- exhausted all cases without a match","stack":"Error: [Return]{4aa12c} at Wollok/Parciales/amongus.wlk:-- exhausted all cases without a match\n    at c:\\Users\\alesc\\.vscode\\extensions\\uqbar.wollok-lsp-ide-0.3.6\\out\\server\\src\\server.js:38:6067\n    at yh (c:\\Users\\alesc\\.vscode\\extensions\\uqbar.wollok-lsp-ide-0.3.6\\out\\server\\src\\server.js:2291:42)\n    at kh (c:\\Users\\alesc\\.vscode\\extensions\\uqbar.wollok-lsp-ide-0.3.6\\out\\server\\src\\server.js:2291:1004)\n    at yh (c:\\Users\\alesc\\.vscode\\extensions\\uqbar.wollok-lsp-ide-0.3.6\\out\\server\\src\\server.js:2291:456)\n    at kh (c:\\Users\\alesc\\.vscode\\extensions\\uqbar.wollok-lsp-ide-0.3.6\\out\\server\\src\\server.js:2291:1004)\n    at yh (c:\\Users\\alesc\\.vscode\\extensions\\uqbar.wollok-lsp-ide-0.3.6\\out\\server\\src\\server.js:2291:456)\n    at kh (c:\\Users\\alesc\\.vscode\\extensions\\uqbar.wollok-lsp-ide-0.3.6\\out\\server\\src\\server.js:2291:1004)\n    at Y5n (c:\\Users\\alesc\\.vscode\\extensions\\uqbar.wollok-lsp-ide-0.3.6\\out\\server\\src\\server.js:2291:1160)\n    at c:\\Users\\alesc\\.vscode\\extensions\\uqbar.wollok-lsp-ide-0.3.6\\out\\server\\src\\server.js:38:6056\n    at yh (c:\\Users\\alesc\\.vscode\\extensions\\uqbar.wollok-lsp-ide-0.3.6\\out\\server\\src\\server.js:2291:42)","timestamp":"2024-11-13T13:13:19.803Z"}
{"level":"info","message":"⌛ Building environment","timeElapsed":149,"timestamp":"2024-11-13T13:13:19.956Z"}
{"level":"info","message":"⌛ Building environment","timeElapsed":139,"timestamp":"2024-11-13T13:13:20.095Z"}
{"level":"info","message":"⌛ Validating Wollok/Parciales/amongus.wlk","timeElapsed":198,"timestamp":"2024-11-13T13:13:20.294Z"}
{"level":"info","message":"onRequest - completionItem/resolve","timestamp":"2024-11-13T13:13:20.295Z"}
{"level":"info","message":"⌛ Building environment","timeElapsed":141,"timestamp":"2024-11-13T13:13:20.436Z"}
{"level":"info","message":"onRequest - completionItem/resolve","timestamp":"2024-11-13T13:13:20.436Z"}
{"level":"info","message":"⌛ Validating Wollok/Parciales/amongus.wlk","timeElapsed":155,"timestamp":"2024-11-13T13:13:20.591Z"}
{"level":"info","message":"⌛ Validating Wollok/Parciales/amongus.wlk","timeElapsed":150,"timestamp":"2024-11-13T13:13:20.741Z"}
{"level":"info","message":"⌛ Building environment","timeElapsed":147,"timestamp":"2024-11-13T13:13:20.911Z"}
{"level":"info","message":"onRequest - completionItem/resolve","timestamp":"2024-11-13T13:13:20.911Z"}
{"level":"info","message":"⌛ Validating Wollok/Parciales/amongus.wlk","timeElapsed":174,"timestamp":"2024-11-13T13:13:21.085Z"}
{"level":"info","message":"⌛ Validating Wollok/Parciales/amongus.wlk","timeElapsed":161,"timestamp":"2024-11-13T13:13:21.253Z"}
{"level":"info","message":"⌛ Building environment","timeElapsed":160,"timestamp":"2024-11-13T13:13:21.413Z"}
{"level":"info","message":"onRequest - completionItem/resolve","timestamp":"2024-11-13T13:13:21.413Z"}
{"level":"info","message":"⌛ Building environment","timeElapsed":121,"timestamp":"2024-11-13T13:13:21.534Z"}
{"level":"info","message":"⌛ Validating Wollok/Parciales/amongus.wlk","timeElapsed":155,"timestamp":"2024-11-13T13:13:21.694Z"}
{"level":"info","message":"⌛ Validating Wollok/Parciales/amongus.wlk","timeElapsed":152,"timestamp":"2024-11-13T13:13:21.847Z"}
{"level":"info","message":"⌛ Building environment","timeElapsed":129,"timestamp":"2024-11-13T13:13:21.977Z"}
{"level":"info","message":"onRequest - completionItem/resolve","timestamp":"2024-11-13T13:13:21.977Z"}
{"level":"info","message":"⌛ Building environment","timeElapsed":161,"timestamp":"2024-11-13T13:13:22.138Z"}
{"level":"info","message":"onRequest - completionItem/resolve","timestamp":"2024-11-13T13:13:22.138Z"}
{"level":"info","message":"⌛ Building environment","timeElapsed":134,"timestamp":"2024-11-13T13:13:22.273Z"}
{"level":"info","message":"⌛ Validating Wollok/Parciales/amongus.wlk","timeElapsed":166,"timestamp":"2024-11-13T13:13:22.439Z"}
{"level":"info","message":"⌛ Building environment","timeElapsed":133,"timestamp":"2024-11-13T13:13:22.572Z"}
{"level":"info","message":"⌛ Validating Wollok/Parciales/amongus.wlk","timeElapsed":160,"timestamp":"2024-11-13T13:13:22.733Z"}
{"level":"info","message":"⌛ Validating Wollok/Parciales/amongus.wlk","timeElapsed":158,"timestamp":"2024-11-13T13:13:22.892Z"}
{"level":"info","message":"⌛ Validating Wollok/Parciales/amongus.wlk","timeElapsed":161,"timestamp":"2024-11-13T13:13:23.059Z"}
